1 ma
232 
1637790 cities3/ma/mobnetwork.txt
lambda = 0
0 0 0
lambda = 0.1875
1 ma
232 
1637790 cities3/ma/mobnetwork.txt
lambda = 0
0.8 ma
232 
1637790 cities3/ma/mobnetwork.txt
lambda = 0
0 0 0
lambda = 0.1875
0.1875 0 0
lambda = 0.375
0.375 0.0141497 4.30603e-05
lambda = 0.5625
0.5625 0.0359029 4.68461e-05
lambda = 0.75
0.75 0.0614669 3.91476e-05
lambda = 0.9375
0.9375 0.0892743 7.32067e-05
lambda = 1.125
1.125 0.115049 5.69495e-05
lambda = 1.3125
1.3125 0.138864 5.94657e-05
lambda = 1.5
1.5 0.161288 7.56408e-05
lambda = 1.6875
1.6875 0.182541 6.49732e-05
lambda = 1.875
1.875 0.203139 8.28197e-05
lambda = 2.0625
2.0625 0.223173 8.92224e-05
lambda = 2.25
2.25 0.242825 7.08848e-05
lambda = 2.4375
2.4375 0.262248 8.4709e-05
lambda = 2.625
2.625 0.281459 8.03942e-05
lambda = 2.8125
2.8125 0.300653 7.30413e-05
lambda = 3
3 0.319295 8.40774e-05
0.6 ma
232 
1637790 cities3/ma/mobnetwork.txt
lambda = 0
0.4 ma
232 
1637790 cities3/ma/mobnetwork.txt
lambda = 0
0 0 0
lambda = 0.1875
0 0 0
lambda = 0.1875
0.1875 0 0
lambda = 0.375
0.1875 0 0
lambda = 0.375
0.375 0 0
lambda = 0.5625
0.5625 0 0
lambda = 0.75
0.375 2.54408e-07 1.75939e-07
lambda = 0.5625
0.75 3.56171e-07 3.56171e-07
lambda = 0.9375
0.5625 0.00972571 3.19668e-05
lambda = 0.75
0.9375 0.000893531 4.83442e-05
lambda = 1.125
0.75 0.0255369 4.14532e-05
lambda = 0.9375
1.125 0.012846 4.98707e-05
lambda = 1.3125
0.9375 0.044366 4.99094e-05
lambda = 1.125
1.3125 0.028247 6.51087e-05
lambda = 1.5
1.5 0.0467699 6.37254e-05
lambda = 1.6875
1.125 0.0661311 6.02007e-05
lambda = 1.3125
1.6875 0.0669838 6.89978e-05
lambda = 1.875
1.3125 0.0891941 5.70792e-05
lambda = 1.5
1.875 0.0883348 9.64798e-05
lambda = 2.0625
1.5 0.112247 6.32175e-05
lambda = 1.6875
2.0625 0.110444 7.85878e-05
lambda = 2.25
1.6875 0.134651 7.0419e-05
lambda = 1.875
2.25 0.13284 7.77385e-05
lambda = 2.4375
1.875 0.156809 7.88946e-05
lambda = 2.0625
2.4375 0.155505 8.38423e-05
lambda = 2.625
2.0625 0.178346 5.97437e-05
lambda = 2.25
2.625 0.178388 8.97491e-05
lambda = 2.8125
2.25 0.199735 8.43847e-05
lambda = 2.4375
2.8125 0.201476 8.22048e-05
lambda = 3
2.4375 0.220892 7.19796e-05
lambda = 2.625
3 0.224345 9.91179e-05
2.625 0.241764 8.81019e-05
lambda = 2.8125
2.8125 0.262224 8.36568e-05
lambda = 3
3 0.282667 9.94561e-05
